INFO [2019-02-27 16:16:57] $x
INFO [2019-02-27 16:16:57] list(`depleted in rice (vs. Col-0)` = RiceCp35_b3Col_D, `depleted in wheat` = WheatD35L1_b3Col_D, 
INFO [2019-02-27 16:16:57]     `depleted in triterpene mutants ` = All3T_D)
INFO [2019-02-27 16:16:57] 
INFO [2019-02-27 16:16:57] $filename
INFO [2019-02-27 16:16:57] NULL
INFO [2019-02-27 16:16:57] 
INFO [2019-02-27 16:16:57] $col
INFO [2019-02-27 16:16:57] [1] "transparent"
INFO [2019-02-27 16:16:57] 
INFO [2019-02-27 16:16:57] $fill
INFO [2019-02-27 16:16:57] color_v
INFO [2019-02-27 16:16:57] 
INFO [2019-02-27 16:16:57] $alpha
INFO [2019-02-27 16:16:57] [1] 0.5
INFO [2019-02-27 16:16:57] 
INFO [2019-02-27 16:16:57] $label.col
INFO [2019-02-27 16:16:57] c("black")
INFO [2019-02-27 16:16:57] 
INFO [2019-02-27 16:16:57] $cex
INFO [2019-02-27 16:16:57] [1] 1
INFO [2019-02-27 16:16:57] 
INFO [2019-02-27 16:16:57] $fontfamily
INFO [2019-02-27 16:16:57] [1] "Helvetica"
INFO [2019-02-27 16:16:57] 
INFO [2019-02-27 16:16:57] $cat.default.pos
INFO [2019-02-27 16:16:57] [1] "outer"
INFO [2019-02-27 16:16:57] 
INFO [2019-02-27 16:16:57] $cat.pos
INFO [2019-02-27 16:16:57] [1] 0
INFO [2019-02-27 16:16:57] 
INFO [2019-02-27 16:16:57] $margin
INFO [2019-02-27 16:16:57] [1] 0.1
INFO [2019-02-27 16:16:57] 
INFO [2019-02-27 16:16:57] $cat.col
INFO [2019-02-27 16:16:57] color_v
INFO [2019-02-27 16:16:57] 
INFO [2019-02-27 16:16:57] $cat.cex
INFO [2019-02-27 16:16:57] [1] 1
INFO [2019-02-27 16:16:57] 
INFO [2019-02-27 16:16:57] $cat.fontfamily
INFO [2019-02-27 16:16:57] [1] "Helvetica"
INFO [2019-02-27 16:16:57] 
