INFO [2019-02-27 16:26:03] $x
INFO [2019-02-27 16:26:03] list(`depleted in rice (vs. Col-0)` = RiceCp35_b3Col_D, `depleted in wheat` = WheatD35L1_b3Col_D, 
INFO [2019-02-27 16:26:03]     `enriched in triterpene mutants ` = All3T_E)
INFO [2019-02-27 16:26:03] 
INFO [2019-02-27 16:26:03] $filename
INFO [2019-02-27 16:26:03] NULL
INFO [2019-02-27 16:26:03] 
INFO [2019-02-27 16:26:03] $col
INFO [2019-02-27 16:26:03] [1] "transparent"
INFO [2019-02-27 16:26:03] 
INFO [2019-02-27 16:26:03] $fill
INFO [2019-02-27 16:26:03] color_v
INFO [2019-02-27 16:26:03] 
INFO [2019-02-27 16:26:03] $alpha
INFO [2019-02-27 16:26:03] [1] 0.5
INFO [2019-02-27 16:26:03] 
INFO [2019-02-27 16:26:03] $label.col
INFO [2019-02-27 16:26:03] c("black")
INFO [2019-02-27 16:26:03] 
INFO [2019-02-27 16:26:03] $cex
INFO [2019-02-27 16:26:03] [1] 1
INFO [2019-02-27 16:26:03] 
INFO [2019-02-27 16:26:03] $fontfamily
INFO [2019-02-27 16:26:03] [1] "Helvetica"
INFO [2019-02-27 16:26:03] 
INFO [2019-02-27 16:26:03] $cat.default.pos
INFO [2019-02-27 16:26:03] [1] "outer"
INFO [2019-02-27 16:26:03] 
INFO [2019-02-27 16:26:03] $cat.pos
INFO [2019-02-27 16:26:03] [1] 0
INFO [2019-02-27 16:26:03] 
INFO [2019-02-27 16:26:03] $margin
INFO [2019-02-27 16:26:03] [1] 0.1
INFO [2019-02-27 16:26:03] 
INFO [2019-02-27 16:26:03] $cat.col
INFO [2019-02-27 16:26:03] color_v
INFO [2019-02-27 16:26:03] 
INFO [2019-02-27 16:26:03] $cat.cex
INFO [2019-02-27 16:26:03] [1] 1
INFO [2019-02-27 16:26:03] 
INFO [2019-02-27 16:26:03] $cat.fontfamily
INFO [2019-02-27 16:26:03] [1] "Helvetica"
INFO [2019-02-27 16:26:03] 
