INFO [2019-02-27 16:24:22] $x
INFO [2019-02-27 16:24:22] list(`depleted in rice (vs. Col-0)` = RiceCp35_b3Col_E, `depleted in wheat` = WheatD35L1_b3Col_E, 
INFO [2019-02-27 16:24:22]     `depleted in triterpene mutants ` = All3T_E)
INFO [2019-02-27 16:24:22] 
INFO [2019-02-27 16:24:22] $filename
INFO [2019-02-27 16:24:22] NULL
INFO [2019-02-27 16:24:22] 
INFO [2019-02-27 16:24:22] $col
INFO [2019-02-27 16:24:22] [1] "transparent"
INFO [2019-02-27 16:24:22] 
INFO [2019-02-27 16:24:22] $fill
INFO [2019-02-27 16:24:22] color_v
INFO [2019-02-27 16:24:22] 
INFO [2019-02-27 16:24:22] $alpha
INFO [2019-02-27 16:24:22] [1] 0.5
INFO [2019-02-27 16:24:22] 
INFO [2019-02-27 16:24:22] $label.col
INFO [2019-02-27 16:24:22] c("black")
INFO [2019-02-27 16:24:22] 
INFO [2019-02-27 16:24:22] $cex
INFO [2019-02-27 16:24:22] [1] 1
INFO [2019-02-27 16:24:22] 
INFO [2019-02-27 16:24:22] $fontfamily
INFO [2019-02-27 16:24:22] [1] "Helvetica"
INFO [2019-02-27 16:24:22] 
INFO [2019-02-27 16:24:22] $cat.default.pos
INFO [2019-02-27 16:24:22] [1] "outer"
INFO [2019-02-27 16:24:22] 
INFO [2019-02-27 16:24:22] $cat.pos
INFO [2019-02-27 16:24:22] [1] 0
INFO [2019-02-27 16:24:22] 
INFO [2019-02-27 16:24:22] $margin
INFO [2019-02-27 16:24:22] [1] 0.1
INFO [2019-02-27 16:24:22] 
INFO [2019-02-27 16:24:22] $cat.col
INFO [2019-02-27 16:24:22] color_v
INFO [2019-02-27 16:24:22] 
INFO [2019-02-27 16:24:22] $cat.cex
INFO [2019-02-27 16:24:22] [1] 1
INFO [2019-02-27 16:24:22] 
INFO [2019-02-27 16:24:22] $cat.fontfamily
INFO [2019-02-27 16:24:22] [1] "Helvetica"
INFO [2019-02-27 16:24:22] 
