INFO [2019-02-20 20:31:32] $x
INFO [2019-02-20 20:31:32] list(`indica enriched in field I` = LTEJ_LIND_D, `indica enriched in field II` = HTEJ_HIND_D, 
INFO [2019-02-20 20:31:32]     `nrt1.1b depleted` = V3703HnCp6_ZH11HnCp6_D)
INFO [2019-02-20 20:31:32] 
INFO [2019-02-20 20:31:32] $filename
INFO [2019-02-20 20:31:32] NULL
INFO [2019-02-20 20:31:32] 
INFO [2019-02-20 20:31:32] $col
INFO [2019-02-20 20:31:32] [1] "transparent"
INFO [2019-02-20 20:31:32] 
INFO [2019-02-20 20:31:32] $fill
INFO [2019-02-20 20:31:32] color_v
INFO [2019-02-20 20:31:32] 
INFO [2019-02-20 20:31:32] $alpha
INFO [2019-02-20 20:31:32] [1] 0.5
INFO [2019-02-20 20:31:32] 
INFO [2019-02-20 20:31:32] $label.col
INFO [2019-02-20 20:31:32] c("black")
INFO [2019-02-20 20:31:32] 
INFO [2019-02-20 20:31:32] $cex
INFO [2019-02-20 20:31:32] [1] 1
INFO [2019-02-20 20:31:32] 
INFO [2019-02-20 20:31:32] $fontfamily
INFO [2019-02-20 20:31:32] [1] "Helvetica"
INFO [2019-02-20 20:31:32] 
INFO [2019-02-20 20:31:32] $cat.default.pos
INFO [2019-02-20 20:31:32] [1] "outer"
INFO [2019-02-20 20:31:32] 
INFO [2019-02-20 20:31:32] $cat.pos
INFO [2019-02-20 20:31:32] [1] 0
INFO [2019-02-20 20:31:32] 
INFO [2019-02-20 20:31:32] $margin
INFO [2019-02-20 20:31:32] [1] 0.1
INFO [2019-02-20 20:31:32] 
INFO [2019-02-20 20:31:32] $cat.col
INFO [2019-02-20 20:31:32] color_v
INFO [2019-02-20 20:31:32] 
INFO [2019-02-20 20:31:32] $cat.cex
INFO [2019-02-20 20:31:32] [1] 1
INFO [2019-02-20 20:31:32] 
INFO [2019-02-20 20:31:32] $cat.fontfamily
INFO [2019-02-20 20:31:32] [1] "Helvetica"
INFO [2019-02-20 20:31:32] 
