INFO [2019-02-22 10:39:19] $x
INFO [2019-02-22 10:39:19] list(`indica enriched in field I` = LTEJ_LIND_D, `indica enriched in field II` = HTEJ_HIND_D, 
INFO [2019-02-22 10:39:19]     `Nipponbare NRT1.1Bindica enriched` = A50LnCp7_A56LnCp7_D)
INFO [2019-02-22 10:39:19] 
INFO [2019-02-22 10:39:19] $filename
INFO [2019-02-22 10:39:19] NULL
INFO [2019-02-22 10:39:19] 
INFO [2019-02-22 10:39:19] $col
INFO [2019-02-22 10:39:19] [1] "transparent"
INFO [2019-02-22 10:39:19] 
INFO [2019-02-22 10:39:19] $fill
INFO [2019-02-22 10:39:19] color_v
INFO [2019-02-22 10:39:19] 
INFO [2019-02-22 10:39:19] $alpha
INFO [2019-02-22 10:39:19] [1] 0.5
INFO [2019-02-22 10:39:19] 
INFO [2019-02-22 10:39:19] $label.col
INFO [2019-02-22 10:39:19] c("black")
INFO [2019-02-22 10:39:19] 
INFO [2019-02-22 10:39:19] $cex
INFO [2019-02-22 10:39:19] [1] 1
INFO [2019-02-22 10:39:19] 
INFO [2019-02-22 10:39:19] $fontfamily
INFO [2019-02-22 10:39:19] [1] "Helvetica"
INFO [2019-02-22 10:39:19] 
INFO [2019-02-22 10:39:19] $cat.default.pos
INFO [2019-02-22 10:39:19] [1] "outer"
INFO [2019-02-22 10:39:19] 
INFO [2019-02-22 10:39:19] $cat.pos
INFO [2019-02-22 10:39:19] [1] 0
INFO [2019-02-22 10:39:19] 
INFO [2019-02-22 10:39:19] $margin
INFO [2019-02-22 10:39:19] [1] 0.1
INFO [2019-02-22 10:39:19] 
INFO [2019-02-22 10:39:19] $cat.col
INFO [2019-02-22 10:39:19] color_v
INFO [2019-02-22 10:39:19] 
INFO [2019-02-22 10:39:19] $cat.cex
INFO [2019-02-22 10:39:19] [1] 1
INFO [2019-02-22 10:39:19] 
INFO [2019-02-22 10:39:19] $cat.fontfamily
INFO [2019-02-22 10:39:19] [1] "Helvetica"
INFO [2019-02-22 10:39:19] 
