INFO [2019-02-22 12:10:02] $x
INFO [2019-02-22 12:10:02] list(`indica enriched in field I` = LTEJ_LIND_D, `indica enriched in field II` = HTEJ_HIND_D, 
INFO [2019-02-22 12:10:02]     `Nipponbare NRT1.1Bindica enriched` = A50LnCp7_A56LnCp7_D)
INFO [2019-02-22 12:10:02] 
INFO [2019-02-22 12:10:02] $filename
INFO [2019-02-22 12:10:02] NULL
INFO [2019-02-22 12:10:02] 
INFO [2019-02-22 12:10:02] $col
INFO [2019-02-22 12:10:02] [1] "transparent"
INFO [2019-02-22 12:10:02] 
INFO [2019-02-22 12:10:02] $fill
INFO [2019-02-22 12:10:02] color_v
INFO [2019-02-22 12:10:02] 
INFO [2019-02-22 12:10:02] $alpha
INFO [2019-02-22 12:10:02] [1] 0.5
INFO [2019-02-22 12:10:02] 
INFO [2019-02-22 12:10:02] $label.col
INFO [2019-02-22 12:10:02] c("black")
INFO [2019-02-22 12:10:02] 
INFO [2019-02-22 12:10:02] $cex
INFO [2019-02-22 12:10:02] [1] 1
INFO [2019-02-22 12:10:02] 
INFO [2019-02-22 12:10:02] $fontfamily
INFO [2019-02-22 12:10:02] [1] "Helvetica"
INFO [2019-02-22 12:10:02] 
INFO [2019-02-22 12:10:02] $cat.default.pos
INFO [2019-02-22 12:10:02] [1] "outer"
INFO [2019-02-22 12:10:02] 
INFO [2019-02-22 12:10:02] $cat.pos
INFO [2019-02-22 12:10:02] [1] 0
INFO [2019-02-22 12:10:02] 
INFO [2019-02-22 12:10:02] $margin
INFO [2019-02-22 12:10:02] [1] 0.1
INFO [2019-02-22 12:10:02] 
INFO [2019-02-22 12:10:02] $cat.col
INFO [2019-02-22 12:10:02] color_v
INFO [2019-02-22 12:10:02] 
INFO [2019-02-22 12:10:02] $cat.cex
INFO [2019-02-22 12:10:02] [1] 1
INFO [2019-02-22 12:10:02] 
INFO [2019-02-22 12:10:02] $cat.fontfamily
INFO [2019-02-22 12:10:02] [1] "Helvetica"
INFO [2019-02-22 12:10:02] 
