INFO [2019-02-20 20:27:21] $x
INFO [2019-02-20 20:27:21] list(HTEJ_HIND_D = HTEJ_HIND_D, LTEJ_LIND_D = LTEJ_LIND_D, V3703LnCp6_ZH11LnCp6_D = V3703LnCp6_ZH11LnCp6_D)
INFO [2019-02-20 20:27:21] 
INFO [2019-02-20 20:27:21] $filename
INFO [2019-02-20 20:27:21] NULL
INFO [2019-02-20 20:27:21] 
INFO [2019-02-20 20:27:21] $col
INFO [2019-02-20 20:27:21] [1] "transparent"
INFO [2019-02-20 20:27:21] 
INFO [2019-02-20 20:27:21] $fill
INFO [2019-02-20 20:27:21] color_v
INFO [2019-02-20 20:27:21] 
INFO [2019-02-20 20:27:21] $alpha
INFO [2019-02-20 20:27:21] [1] 0.5
INFO [2019-02-20 20:27:21] 
INFO [2019-02-20 20:27:21] $label.col
INFO [2019-02-20 20:27:21] c("black")
INFO [2019-02-20 20:27:21] 
INFO [2019-02-20 20:27:21] $cex
INFO [2019-02-20 20:27:21] [1] 1
INFO [2019-02-20 20:27:21] 
INFO [2019-02-20 20:27:21] $fontfamily
INFO [2019-02-20 20:27:21] [1] "Helvetica"
INFO [2019-02-20 20:27:21] 
INFO [2019-02-20 20:27:21] $cat.default.pos
INFO [2019-02-20 20:27:21] [1] "outer"
INFO [2019-02-20 20:27:21] 
INFO [2019-02-20 20:27:21] $cat.pos
INFO [2019-02-20 20:27:21] [1] 0
INFO [2019-02-20 20:27:21] 
INFO [2019-02-20 20:27:21] $margin
INFO [2019-02-20 20:27:21] [1] 0.1
INFO [2019-02-20 20:27:21] 
INFO [2019-02-20 20:27:21] $cat.col
INFO [2019-02-20 20:27:21] color_v
INFO [2019-02-20 20:27:21] 
INFO [2019-02-20 20:27:21] $cat.cex
INFO [2019-02-20 20:27:21] [1] 1
INFO [2019-02-20 20:27:21] 
INFO [2019-02-20 20:27:21] $cat.fontfamily
INFO [2019-02-20 20:27:21] [1] "Helvetica"
INFO [2019-02-20 20:27:21] 
