INFO [2019-02-22 12:08:42] $x
INFO [2019-02-22 12:08:42] list(`indica enriched in field I` = LTEJ_LIND_D, `indica enriched in field II` = HTEJ_HIND_D, 
INFO [2019-02-22 12:08:42]     `Nipponbare NRT1.1Bindica enriched` = A50LnCp7_A56LnCp7_D)
INFO [2019-02-22 12:08:42] 
INFO [2019-02-22 12:08:42] $filename
INFO [2019-02-22 12:08:42] NULL
INFO [2019-02-22 12:08:42] 
INFO [2019-02-22 12:08:42] $col
INFO [2019-02-22 12:08:42] [1] "transparent"
INFO [2019-02-22 12:08:42] 
INFO [2019-02-22 12:08:42] $fill
INFO [2019-02-22 12:08:42] color_v
INFO [2019-02-22 12:08:42] 
INFO [2019-02-22 12:08:42] $alpha
INFO [2019-02-22 12:08:42] [1] 0.5
INFO [2019-02-22 12:08:42] 
INFO [2019-02-22 12:08:42] $label.col
INFO [2019-02-22 12:08:42] c("black")
INFO [2019-02-22 12:08:42] 
INFO [2019-02-22 12:08:42] $cex
INFO [2019-02-22 12:08:42] [1] 1
INFO [2019-02-22 12:08:42] 
INFO [2019-02-22 12:08:42] $fontfamily
INFO [2019-02-22 12:08:42] [1] "Helvetica"
INFO [2019-02-22 12:08:42] 
INFO [2019-02-22 12:08:42] $cat.default.pos
INFO [2019-02-22 12:08:42] [1] "outer"
INFO [2019-02-22 12:08:42] 
INFO [2019-02-22 12:08:42] $cat.pos
INFO [2019-02-22 12:08:42] [1] 0
INFO [2019-02-22 12:08:42] 
INFO [2019-02-22 12:08:42] $margin
INFO [2019-02-22 12:08:42] [1] 0.1
INFO [2019-02-22 12:08:42] 
INFO [2019-02-22 12:08:42] $cat.col
INFO [2019-02-22 12:08:42] color_v
INFO [2019-02-22 12:08:42] 
INFO [2019-02-22 12:08:42] $cat.cex
INFO [2019-02-22 12:08:42] [1] 1
INFO [2019-02-22 12:08:42] 
INFO [2019-02-22 12:08:42] $cat.fontfamily
INFO [2019-02-22 12:08:42] [1] "Helvetica"
INFO [2019-02-22 12:08:42] 
