INFO [2019-02-22 12:10:01] $x
INFO [2019-02-22 12:10:01] list(`indica enriched in field I` = LTEJ_LIND_D, `indica enriched in field II` = HTEJ_HIND_D, 
INFO [2019-02-22 12:10:01]     `nrt1.1b depleted` = V3703HnCp6_ZH11HnCp6_D)
INFO [2019-02-22 12:10:01] 
INFO [2019-02-22 12:10:01] $filename
INFO [2019-02-22 12:10:01] NULL
INFO [2019-02-22 12:10:01] 
INFO [2019-02-22 12:10:01] $col
INFO [2019-02-22 12:10:01] [1] "transparent"
INFO [2019-02-22 12:10:01] 
INFO [2019-02-22 12:10:01] $fill
INFO [2019-02-22 12:10:01] color_v
INFO [2019-02-22 12:10:01] 
INFO [2019-02-22 12:10:01] $alpha
INFO [2019-02-22 12:10:01] [1] 0.5
INFO [2019-02-22 12:10:01] 
INFO [2019-02-22 12:10:01] $label.col
INFO [2019-02-22 12:10:01] c("black")
INFO [2019-02-22 12:10:01] 
INFO [2019-02-22 12:10:01] $cex
INFO [2019-02-22 12:10:01] [1] 1
INFO [2019-02-22 12:10:01] 
INFO [2019-02-22 12:10:01] $fontfamily
INFO [2019-02-22 12:10:01] [1] "Helvetica"
INFO [2019-02-22 12:10:01] 
INFO [2019-02-22 12:10:01] $cat.default.pos
INFO [2019-02-22 12:10:01] [1] "outer"
INFO [2019-02-22 12:10:01] 
INFO [2019-02-22 12:10:01] $cat.pos
INFO [2019-02-22 12:10:01] [1] 0
INFO [2019-02-22 12:10:01] 
INFO [2019-02-22 12:10:01] $margin
INFO [2019-02-22 12:10:01] [1] 0.1
INFO [2019-02-22 12:10:01] 
INFO [2019-02-22 12:10:01] $cat.col
INFO [2019-02-22 12:10:01] color_v
INFO [2019-02-22 12:10:01] 
INFO [2019-02-22 12:10:01] $cat.cex
INFO [2019-02-22 12:10:01] [1] 1
INFO [2019-02-22 12:10:01] 
INFO [2019-02-22 12:10:01] $cat.fontfamily
INFO [2019-02-22 12:10:01] [1] "Helvetica"
INFO [2019-02-22 12:10:01] 
