INFO [2019-02-20 20:25:57] $x
INFO [2019-02-20 20:25:57] list(HTEJ_HIND_D = HTEJ_HIND_D, LTEJ_LIND_D = LTEJ_LIND_D, V3703LnCp6_ZH11LnCp6_D = V3703LnCp6_ZH11LnCp6_D)
INFO [2019-02-20 20:25:57] 
INFO [2019-02-20 20:25:57] $filename
INFO [2019-02-20 20:25:57] NULL
INFO [2019-02-20 20:25:57] 
INFO [2019-02-20 20:25:57] $col
INFO [2019-02-20 20:25:57] [1] "transparent"
INFO [2019-02-20 20:25:57] 
INFO [2019-02-20 20:25:57] $fill
INFO [2019-02-20 20:25:57] color_v
INFO [2019-02-20 20:25:57] 
INFO [2019-02-20 20:25:57] $alpha
INFO [2019-02-20 20:25:57] [1] 0.5
INFO [2019-02-20 20:25:57] 
INFO [2019-02-20 20:25:57] $label.col
INFO [2019-02-20 20:25:57] c("black")
INFO [2019-02-20 20:25:57] 
INFO [2019-02-20 20:25:57] $cex
INFO [2019-02-20 20:25:57] [1] 1
INFO [2019-02-20 20:25:57] 
INFO [2019-02-20 20:25:57] $fontfamily
INFO [2019-02-20 20:25:57] [1] "Helvetica"
INFO [2019-02-20 20:25:57] 
INFO [2019-02-20 20:25:57] $cat.default.pos
INFO [2019-02-20 20:25:57] [1] "outer"
INFO [2019-02-20 20:25:57] 
INFO [2019-02-20 20:25:57] $cat.pos
INFO [2019-02-20 20:25:57] [1] 0
INFO [2019-02-20 20:25:57] 
INFO [2019-02-20 20:25:57] $margin
INFO [2019-02-20 20:25:57] [1] 0.1
INFO [2019-02-20 20:25:57] 
INFO [2019-02-20 20:25:57] $cat.col
INFO [2019-02-20 20:25:57] color_v
INFO [2019-02-20 20:25:57] 
INFO [2019-02-20 20:25:57] $cat.cex
INFO [2019-02-20 20:25:57] [1] 1
INFO [2019-02-20 20:25:57] 
INFO [2019-02-20 20:25:57] $cat.fontfamily
INFO [2019-02-20 20:25:57] [1] "Helvetica"
INFO [2019-02-20 20:25:57] 
