INFO [2019-02-20 20:29:24] $x
INFO [2019-02-20 20:29:24] list(a = HTEJ_HIND_D, LTEJ_LIND_D = LTEJ_LIND_D, V3703HnCp6_ZH11HnCp6_D = V3703HnCp6_ZH11HnCp6_D)
INFO [2019-02-20 20:29:24] 
INFO [2019-02-20 20:29:24] $filename
INFO [2019-02-20 20:29:24] NULL
INFO [2019-02-20 20:29:24] 
INFO [2019-02-20 20:29:24] $col
INFO [2019-02-20 20:29:24] [1] "transparent"
INFO [2019-02-20 20:29:24] 
INFO [2019-02-20 20:29:24] $fill
INFO [2019-02-20 20:29:24] color_v
INFO [2019-02-20 20:29:24] 
INFO [2019-02-20 20:29:24] $alpha
INFO [2019-02-20 20:29:24] [1] 0.5
INFO [2019-02-20 20:29:24] 
INFO [2019-02-20 20:29:24] $label.col
INFO [2019-02-20 20:29:24] c("black")
INFO [2019-02-20 20:29:24] 
INFO [2019-02-20 20:29:24] $cex
INFO [2019-02-20 20:29:24] [1] 1
INFO [2019-02-20 20:29:24] 
INFO [2019-02-20 20:29:24] $fontfamily
INFO [2019-02-20 20:29:24] [1] "Helvetica"
INFO [2019-02-20 20:29:24] 
INFO [2019-02-20 20:29:24] $cat.default.pos
INFO [2019-02-20 20:29:24] [1] "outer"
INFO [2019-02-20 20:29:24] 
INFO [2019-02-20 20:29:24] $cat.pos
INFO [2019-02-20 20:29:24] [1] 0
INFO [2019-02-20 20:29:24] 
INFO [2019-02-20 20:29:24] $margin
INFO [2019-02-20 20:29:24] [1] 0.1
INFO [2019-02-20 20:29:24] 
INFO [2019-02-20 20:29:24] $cat.col
INFO [2019-02-20 20:29:24] color_v
INFO [2019-02-20 20:29:24] 
INFO [2019-02-20 20:29:24] $cat.cex
INFO [2019-02-20 20:29:24] [1] 1
INFO [2019-02-20 20:29:24] 
INFO [2019-02-20 20:29:24] $cat.fontfamily
INFO [2019-02-20 20:29:24] [1] "Helvetica"
INFO [2019-02-20 20:29:24] 
