INFO [2019-02-22 12:08:41] $x
INFO [2019-02-22 12:08:41] list(`indica enriched in field I` = LTEJ_LIND_D, `indica enriched in field II` = HTEJ_HIND_D, 
INFO [2019-02-22 12:08:41]     `nrt1.1b depleted` = V3703HnCp6_ZH11HnCp6_D)
INFO [2019-02-22 12:08:41] 
INFO [2019-02-22 12:08:41] $filename
INFO [2019-02-22 12:08:41] NULL
INFO [2019-02-22 12:08:41] 
INFO [2019-02-22 12:08:41] $col
INFO [2019-02-22 12:08:41] [1] "transparent"
INFO [2019-02-22 12:08:41] 
INFO [2019-02-22 12:08:41] $fill
INFO [2019-02-22 12:08:41] color_v
INFO [2019-02-22 12:08:41] 
INFO [2019-02-22 12:08:41] $alpha
INFO [2019-02-22 12:08:41] [1] 0.5
INFO [2019-02-22 12:08:41] 
INFO [2019-02-22 12:08:41] $label.col
INFO [2019-02-22 12:08:41] c("black")
INFO [2019-02-22 12:08:41] 
INFO [2019-02-22 12:08:41] $cex
INFO [2019-02-22 12:08:41] [1] 1
INFO [2019-02-22 12:08:41] 
INFO [2019-02-22 12:08:41] $fontfamily
INFO [2019-02-22 12:08:41] [1] "Helvetica"
INFO [2019-02-22 12:08:41] 
INFO [2019-02-22 12:08:41] $cat.default.pos
INFO [2019-02-22 12:08:41] [1] "outer"
INFO [2019-02-22 12:08:41] 
INFO [2019-02-22 12:08:41] $cat.pos
INFO [2019-02-22 12:08:41] [1] 0
INFO [2019-02-22 12:08:41] 
INFO [2019-02-22 12:08:41] $margin
INFO [2019-02-22 12:08:41] [1] 0.1
INFO [2019-02-22 12:08:41] 
INFO [2019-02-22 12:08:41] $cat.col
INFO [2019-02-22 12:08:41] color_v
INFO [2019-02-22 12:08:41] 
INFO [2019-02-22 12:08:41] $cat.cex
INFO [2019-02-22 12:08:41] [1] 1
INFO [2019-02-22 12:08:41] 
INFO [2019-02-22 12:08:41] $cat.fontfamily
INFO [2019-02-22 12:08:41] [1] "Helvetica"
INFO [2019-02-22 12:08:41] 
