INFO [2019-02-20 20:30:07] $x
INFO [2019-02-20 20:30:07] list(`indica enriched in field I` = HTEJ_HIND_D, LTEJ_LIND_D = LTEJ_LIND_D, 
INFO [2019-02-20 20:30:07]     V3703HnCp6_ZH11HnCp6_D = V3703HnCp6_ZH11HnCp6_D)
INFO [2019-02-20 20:30:07] 
INFO [2019-02-20 20:30:07] $filename
INFO [2019-02-20 20:30:07] NULL
INFO [2019-02-20 20:30:07] 
INFO [2019-02-20 20:30:07] $col
INFO [2019-02-20 20:30:07] [1] "transparent"
INFO [2019-02-20 20:30:07] 
INFO [2019-02-20 20:30:07] $fill
INFO [2019-02-20 20:30:07] color_v
INFO [2019-02-20 20:30:07] 
INFO [2019-02-20 20:30:07] $alpha
INFO [2019-02-20 20:30:07] [1] 0.5
INFO [2019-02-20 20:30:07] 
INFO [2019-02-20 20:30:07] $label.col
INFO [2019-02-20 20:30:07] c("black")
INFO [2019-02-20 20:30:07] 
INFO [2019-02-20 20:30:07] $cex
INFO [2019-02-20 20:30:07] [1] 1
INFO [2019-02-20 20:30:07] 
INFO [2019-02-20 20:30:07] $fontfamily
INFO [2019-02-20 20:30:07] [1] "Helvetica"
INFO [2019-02-20 20:30:07] 
INFO [2019-02-20 20:30:07] $cat.default.pos
INFO [2019-02-20 20:30:07] [1] "outer"
INFO [2019-02-20 20:30:07] 
INFO [2019-02-20 20:30:07] $cat.pos
INFO [2019-02-20 20:30:07] [1] 0
INFO [2019-02-20 20:30:07] 
INFO [2019-02-20 20:30:07] $margin
INFO [2019-02-20 20:30:07] [1] 0.1
INFO [2019-02-20 20:30:07] 
INFO [2019-02-20 20:30:07] $cat.col
INFO [2019-02-20 20:30:07] color_v
INFO [2019-02-20 20:30:07] 
INFO [2019-02-20 20:30:07] $cat.cex
INFO [2019-02-20 20:30:07] [1] 1
INFO [2019-02-20 20:30:07] 
INFO [2019-02-20 20:30:07] $cat.fontfamily
INFO [2019-02-20 20:30:07] [1] "Helvetica"
INFO [2019-02-20 20:30:07] 
