INFO [2019-02-22 10:39:18] $x
INFO [2019-02-22 10:39:18] list(`indica enriched in field I` = LTEJ_LIND_D, `indica enriched in field II` = HTEJ_HIND_D, 
INFO [2019-02-22 10:39:18]     `nrt1.1b depleted` = V3703HnCp6_ZH11HnCp6_D)
INFO [2019-02-22 10:39:18] 
INFO [2019-02-22 10:39:18] $filename
INFO [2019-02-22 10:39:18] NULL
INFO [2019-02-22 10:39:18] 
INFO [2019-02-22 10:39:18] $col
INFO [2019-02-22 10:39:18] [1] "transparent"
INFO [2019-02-22 10:39:18] 
INFO [2019-02-22 10:39:18] $fill
INFO [2019-02-22 10:39:18] color_v
INFO [2019-02-22 10:39:18] 
INFO [2019-02-22 10:39:18] $alpha
INFO [2019-02-22 10:39:18] [1] 0.5
INFO [2019-02-22 10:39:18] 
INFO [2019-02-22 10:39:18] $label.col
INFO [2019-02-22 10:39:18] c("black")
INFO [2019-02-22 10:39:18] 
INFO [2019-02-22 10:39:18] $cex
INFO [2019-02-22 10:39:18] [1] 1
INFO [2019-02-22 10:39:18] 
INFO [2019-02-22 10:39:18] $fontfamily
INFO [2019-02-22 10:39:18] [1] "Helvetica"
INFO [2019-02-22 10:39:18] 
INFO [2019-02-22 10:39:18] $cat.default.pos
INFO [2019-02-22 10:39:18] [1] "outer"
INFO [2019-02-22 10:39:18] 
INFO [2019-02-22 10:39:18] $cat.pos
INFO [2019-02-22 10:39:18] [1] 0
INFO [2019-02-22 10:39:18] 
INFO [2019-02-22 10:39:18] $margin
INFO [2019-02-22 10:39:18] [1] 0.1
INFO [2019-02-22 10:39:18] 
INFO [2019-02-22 10:39:18] $cat.col
INFO [2019-02-22 10:39:18] color_v
INFO [2019-02-22 10:39:18] 
INFO [2019-02-22 10:39:18] $cat.cex
INFO [2019-02-22 10:39:18] [1] 1
INFO [2019-02-22 10:39:18] 
INFO [2019-02-22 10:39:18] $cat.fontfamily
INFO [2019-02-22 10:39:18] [1] "Helvetica"
INFO [2019-02-22 10:39:18] 
