INFO [2019-02-20 20:28:59] $x
INFO [2019-02-20 20:28:59] list(HTEJ_HIND_D = HTEJ_HIND_D, LTEJ_LIND_D = LTEJ_LIND_D, V3703HnCp6_ZH11HnCp6_D = V3703HnCp6_ZH11HnCp6_D)
INFO [2019-02-20 20:28:59] 
INFO [2019-02-20 20:28:59] $filename
INFO [2019-02-20 20:28:59] NULL
INFO [2019-02-20 20:28:59] 
INFO [2019-02-20 20:28:59] $col
INFO [2019-02-20 20:28:59] [1] "transparent"
INFO [2019-02-20 20:28:59] 
INFO [2019-02-20 20:28:59] $fill
INFO [2019-02-20 20:28:59] color_v
INFO [2019-02-20 20:28:59] 
INFO [2019-02-20 20:28:59] $alpha
INFO [2019-02-20 20:28:59] [1] 0.5
INFO [2019-02-20 20:28:59] 
INFO [2019-02-20 20:28:59] $label.col
INFO [2019-02-20 20:28:59] c("black")
INFO [2019-02-20 20:28:59] 
INFO [2019-02-20 20:28:59] $cex
INFO [2019-02-20 20:28:59] [1] 1
INFO [2019-02-20 20:28:59] 
INFO [2019-02-20 20:28:59] $fontfamily
INFO [2019-02-20 20:28:59] [1] "Helvetica"
INFO [2019-02-20 20:28:59] 
INFO [2019-02-20 20:28:59] $cat.default.pos
INFO [2019-02-20 20:28:59] [1] "outer"
INFO [2019-02-20 20:28:59] 
INFO [2019-02-20 20:28:59] $cat.pos
INFO [2019-02-20 20:28:59] [1] 0
INFO [2019-02-20 20:28:59] 
INFO [2019-02-20 20:28:59] $margin
INFO [2019-02-20 20:28:59] [1] 0.1
INFO [2019-02-20 20:28:59] 
INFO [2019-02-20 20:28:59] $cat.col
INFO [2019-02-20 20:28:59] color_v
INFO [2019-02-20 20:28:59] 
INFO [2019-02-20 20:28:59] $cat.cex
INFO [2019-02-20 20:28:59] [1] 1
INFO [2019-02-20 20:28:59] 
INFO [2019-02-20 20:28:59] $cat.fontfamily
INFO [2019-02-20 20:28:59] [1] "Helvetica"
INFO [2019-02-20 20:28:59] 
