INFO [2019-02-20 19:12:32] $x
INFO [2019-02-20 19:12:32] list(HTEJ_HIND_E = HTEJ_HIND_E, LTEJ_LIND_E = LTEJ_LIND_E)
INFO [2019-02-20 19:12:32] 
INFO [2019-02-20 19:12:32] $filename
INFO [2019-02-20 19:12:32] NULL
INFO [2019-02-20 19:12:32] 
INFO [2019-02-20 19:12:32] $col
INFO [2019-02-20 19:12:32] [1] "transparent"
INFO [2019-02-20 19:12:32] 
INFO [2019-02-20 19:12:32] $fill
INFO [2019-02-20 19:12:32] color_v
INFO [2019-02-20 19:12:32] 
INFO [2019-02-20 19:12:32] $alpha
INFO [2019-02-20 19:12:32] [1] 0.5
INFO [2019-02-20 19:12:32] 
INFO [2019-02-20 19:12:32] $label.col
INFO [2019-02-20 19:12:32] c("black")
INFO [2019-02-20 19:12:32] 
INFO [2019-02-20 19:12:32] $cex
INFO [2019-02-20 19:12:32] [1] 1
INFO [2019-02-20 19:12:32] 
INFO [2019-02-20 19:12:32] $fontfamily
INFO [2019-02-20 19:12:32] [1] "Helvetica"
INFO [2019-02-20 19:12:32] 
INFO [2019-02-20 19:12:32] $cat.default.pos
INFO [2019-02-20 19:12:32] [1] "outer"
INFO [2019-02-20 19:12:32] 
INFO [2019-02-20 19:12:32] $cat.pos
INFO [2019-02-20 19:12:32] [1] 0
INFO [2019-02-20 19:12:32] 
INFO [2019-02-20 19:12:32] $margin
INFO [2019-02-20 19:12:32] [1] 0.1
INFO [2019-02-20 19:12:32] 
INFO [2019-02-20 19:12:32] $cat.col
INFO [2019-02-20 19:12:32] color_v
INFO [2019-02-20 19:12:32] 
INFO [2019-02-20 19:12:32] $cat.cex
INFO [2019-02-20 19:12:32] [1] 1
INFO [2019-02-20 19:12:32] 
INFO [2019-02-20 19:12:32] $cat.fontfamily
INFO [2019-02-20 19:12:32] [1] "Helvetica"
INFO [2019-02-20 19:12:32] 
