INFO [2019-02-20 19:12:31] $x
INFO [2019-02-20 19:12:31] list(HTEJ_HIND_D = HTEJ_HIND_D, LTEJ_LIND_D = LTEJ_LIND_D)
INFO [2019-02-20 19:12:31] 
INFO [2019-02-20 19:12:31] $filename
INFO [2019-02-20 19:12:31] NULL
INFO [2019-02-20 19:12:31] 
INFO [2019-02-20 19:12:31] $col
INFO [2019-02-20 19:12:31] [1] "transparent"
INFO [2019-02-20 19:12:31] 
INFO [2019-02-20 19:12:31] $fill
INFO [2019-02-20 19:12:31] color_v
INFO [2019-02-20 19:12:31] 
INFO [2019-02-20 19:12:31] $alpha
INFO [2019-02-20 19:12:31] [1] 0.5
INFO [2019-02-20 19:12:31] 
INFO [2019-02-20 19:12:31] $label.col
INFO [2019-02-20 19:12:31] c("black")
INFO [2019-02-20 19:12:31] 
INFO [2019-02-20 19:12:31] $cex
INFO [2019-02-20 19:12:31] [1] 1
INFO [2019-02-20 19:12:31] 
INFO [2019-02-20 19:12:31] $fontfamily
INFO [2019-02-20 19:12:31] [1] "Helvetica"
INFO [2019-02-20 19:12:31] 
INFO [2019-02-20 19:12:31] $cat.default.pos
INFO [2019-02-20 19:12:31] [1] "outer"
INFO [2019-02-20 19:12:31] 
INFO [2019-02-20 19:12:31] $cat.pos
INFO [2019-02-20 19:12:31] [1] 0
INFO [2019-02-20 19:12:31] 
INFO [2019-02-20 19:12:31] $margin
INFO [2019-02-20 19:12:31] [1] 0.1
INFO [2019-02-20 19:12:31] 
INFO [2019-02-20 19:12:31] $cat.col
INFO [2019-02-20 19:12:31] color_v
INFO [2019-02-20 19:12:31] 
INFO [2019-02-20 19:12:31] $cat.cex
INFO [2019-02-20 19:12:31] [1] 1
INFO [2019-02-20 19:12:31] 
INFO [2019-02-20 19:12:31] $cat.fontfamily
INFO [2019-02-20 19:12:31] [1] "Helvetica"
INFO [2019-02-20 19:12:31] 
