INFO [2019-02-20 19:13:18] $x
INFO [2019-02-20 19:13:18] list(HTEJ_HIND_D = HTEJ_HIND_D, LTEJ_LIND_D = LTEJ_LIND_D)
INFO [2019-02-20 19:13:18] 
INFO [2019-02-20 19:13:18] $filename
INFO [2019-02-20 19:13:18] NULL
INFO [2019-02-20 19:13:18] 
INFO [2019-02-20 19:13:18] $col
INFO [2019-02-20 19:13:18] [1] "transparent"
INFO [2019-02-20 19:13:18] 
INFO [2019-02-20 19:13:18] $fill
INFO [2019-02-20 19:13:18] color_v
INFO [2019-02-20 19:13:18] 
INFO [2019-02-20 19:13:18] $alpha
INFO [2019-02-20 19:13:18] [1] 0.5
INFO [2019-02-20 19:13:18] 
INFO [2019-02-20 19:13:18] $label.col
INFO [2019-02-20 19:13:18] c("black")
INFO [2019-02-20 19:13:18] 
INFO [2019-02-20 19:13:18] $cex
INFO [2019-02-20 19:13:18] [1] 1
INFO [2019-02-20 19:13:18] 
INFO [2019-02-20 19:13:18] $fontfamily
INFO [2019-02-20 19:13:18] [1] "Helvetica"
INFO [2019-02-20 19:13:18] 
INFO [2019-02-20 19:13:18] $cat.default.pos
INFO [2019-02-20 19:13:18] [1] "outer"
INFO [2019-02-20 19:13:18] 
INFO [2019-02-20 19:13:18] $cat.pos
INFO [2019-02-20 19:13:18] [1] 0
INFO [2019-02-20 19:13:18] 
INFO [2019-02-20 19:13:18] $margin
INFO [2019-02-20 19:13:18] [1] 0.1
INFO [2019-02-20 19:13:18] 
INFO [2019-02-20 19:13:18] $cat.col
INFO [2019-02-20 19:13:18] color_v
INFO [2019-02-20 19:13:18] 
INFO [2019-02-20 19:13:18] $cat.cex
INFO [2019-02-20 19:13:18] [1] 1
INFO [2019-02-20 19:13:18] 
INFO [2019-02-20 19:13:18] $cat.fontfamily
INFO [2019-02-20 19:13:18] [1] "Helvetica"
INFO [2019-02-20 19:13:18] 
